{"C:\\Users\\jrscr\\Projects\\portfolio_2026\\portfolio\\src\\components\\ProjectCard.tsx": {"path":"C:\\Users\\jrscr\\Projects\\portfolio_2026\\portfolio\\src\\components\\ProjectCard.tsx","statementMap":{"0":{"start":{"line":12,"column":6},"end":{"line":21,"column":null}},"1":{"start":{"line":13,"column":2},"end":{"line":21,"column":null}}},"fnMap":{"0":{"name":"(anonymous_0)","decl":{"start":{"line":12,"column":6},"end":{"line":12,"column":49}},"loc":{"start":{"line":12,"column":86},"end":{"line":21,"column":null}},"line":12}},"branchMap":{},"s":{"0":1,"1":1},"f":{"0":1},"b":{},"meta":{"lastBranch":0,"lastFunction":1,"lastStatement":2,"seen":{"s:12:6:21:Infinity":0,"f:12:6:12:49":0,"s:13:2:21:Infinity":1},"fnNames":{}}}
}
